<?xml version="1.0" encoding="UTF-8"?>
<testsuite xmlns:xsi="http://www.w3.org/2001/XMLSchema-instance" xsi:noNamespaceSchemaLocation="https://maven.apache.org/surefire/maven-surefire-plugin/xsd/surefire-test-report-3.0.xsd" version="3.0" name="TestSuite" time="12.641" tests="4" errors="0" skipped="0" failures="1">
  <properties>
[...]
</properties>
  <testcase name="getListOfAllDogsBreeds" classname="test.DogAPITests" time="1.973">
    <system-out><![CDATA[{"message":{"affenpinscher":[],"african":[],"airedale":[],"akita":[],"appenzeller":[],"australian":["kelpie","shepherd"],"bakharwal":["indian"],"basenji":[],"beagle":[],"bluetick":[],"borzoi":[],"bouvier":[],"boxer":[],"brabancon":[],"briard":[],"buhund":["norwegian"],"bulldog":["boston","english","french"],"bullterrier":["staffordshire"],"cattledog":["australian"],"cavapoo":[],"chihuahua":[],"chippiparai":["indian"],"chow":[],"clumber":[],"cockapoo":[],"collie":["border"],"coonhound":[],"corgi":["cardigan"],"cotondetulear":[],"dachshund":[],"dalmatian":[],"dane":["great"],"deerhound":["scottish"],"dhole":[],"dingo":[],"doberman":[],"elkhound":["norwegian"],"entlebucher":[],"eskimo":[],"finnish":["lapphund"],"frise":["bichon"],"gaddi":["indian"],"germanshepherd":[],"greyhound":["indian","italian"],"groenendael":[],"havanese":[],"hound":["afghan","basset","blood","english","ibizan","plott","walker"],"husky":[],"keeshond":[],"kelpie":[],"kombai":[],"komondor":[],"kuvasz":[],"labradoodle":[],"labrador":[],"leonberg":[],"lhasa":[],"malamute":[],"malinois":[],"maltese":[],"mastiff":["bull","english","indian","tibetan"],"mexicanhairless":[],"mix":[],"mountain":["bernese","swiss"],"mudhol":["indian"],"newfoundland":[],"otterhound":[],"ovcharka":["caucasian"],"papillon":[],"pariah":["indian"],"pekinese":[],"pembroke":[],"pinscher":["miniature"],"pitbull":[],"pointer":["german","germanlonghair"],"pomeranian":[],"poodle":["medium","miniature","standard","toy"],"pug":[],"puggle":[],"pyrenees":[],"rajapalayam":["indian"],"redbone":[],"retriever":["chesapeake","curly","flatcoated","golden"],"ridgeback":["rhodesian"],"rottweiler":[],"saluki":[],"samoyed":[],"schipperke":[],"schnauzer":["giant","miniature"],"segugio":["italian"],"setter":["english","gordon","irish"],"sharpei":[],"sheepdog":["english","indian","shetland"],"shiba":[],"shihtzu":[],"spaniel":["blenheim","brittany","cocker","irish","japanese","sussex","welsh"],"spitz":["indian","japanese"],"springer":["english"],"stbernard":[],"terrier":["american","australian","bedlington","border","cairn","dandie","fox","irish","kerryblue","lakeland","norfolk","norwich","patterdale","russell","scottish","sealyham","silky","tibetan","toy","welsh","westhighland","wheaten","yorkshire"],"tervuren":[],"vizsla":[],"waterdog":["spanish"],"weimaraner":[],"whippet":[],"wolfhound":["irish"]},"status":"success"}
]]></system-out>
    <system-err><![CDATA[SLF4J: Failed to load class "org.slf4j.impl.StaticLoggerBinder".
SLF4J: Defaulting to no-operation (NOP) logger implementation
SLF4J: See http://www.slf4j.org/codes.html#StaticLoggerBinder for further details.
]]></system-err>
  </testcase>
  <testcase name="getSubBreeds" classname="test.DogAPITests" time="0.576">
    <failure message="Cannot deserialize instance of `com.api.Message` out of START_ARRAY token&#10; at [Source: (String)&quot;{&quot;message&quot;:[&quot;chesapeake&quot;,&quot;curly&quot;,&quot;flatcoated&quot;,&quot;golden&quot;],&quot;status&quot;:&quot;success&quot;}&quot;; line: 1, column: 12] (through reference chain: com.api.SubListMessage[&quot;message&quot;])" type="com.fasterxml.jackson.databind.exc.MismatchedInputException"><![CDATA[com.fasterxml.jackson.databind.exc.MismatchedInputException: 
Cannot deserialize instance of `com.api.Message` out of START_ARRAY token
 at [Source: (String)"{"message":["chesapeake","curly","flatcoated","golden"],"status":"success"}"; line: 1, column: 12] (through reference chain: com.api.SubListMessage["message"])
	at com.fasterxml.jackson.databind.exc.MismatchedInputException.from(MismatchedInputException.java:59)
	at com.fasterxml.jackson.databind.DeserializationContext.reportInputMismatch(DeserializationContext.java:1445)
	at com.fasterxml.jackson.databind.DeserializationContext.handleUnexpectedToken(DeserializationContext.java:1219)
	at com.fasterxml.jackson.databind.DeserializationContext.handleUnexpectedToken(DeserializationContext.java:1171)
	at com.fasterxml.jackson.databind.deser.BeanDeserializerBase.deserializeFromArray(BeanDeserializerBase.java:1460)
	at com.fasterxml.jackson.databind.deser.BeanDeserializer._deserializeOther(BeanDeserializer.java:185)
	at com.fasterxml.jackson.databind.deser.BeanDeserializer.deserialize(BeanDeserializer.java:161)
	at com.fasterxml.jackson.databind.deser.impl.MethodProperty.deserializeAndSet(MethodProperty.java:129)
	at com.fasterxml.jackson.databind.deser.BeanDeserializer.vanillaDeserialize(BeanDeserializer.java:288)
	at com.fasterxml.jackson.databind.deser.BeanDeserializer.deserialize(BeanDeserializer.java:151)
	at com.fasterxml.jackson.databind.ObjectMapper._readMapAndClose(ObjectMapper.java:4218)
	at com.fasterxml.jackson.databind.ObjectMapper.readValue(ObjectMapper.java:3214)
	at com.fasterxml.jackson.databind.ObjectMapper.readValue(ObjectMapper.java:3182)
	at test.DogAPITests.getSubBreeds(DogAPITests.java:52)
	at sun.reflect.NativeMethodAccessorImpl.invoke0(Native Method)
	at sun.reflect.NativeMethodAccessorImpl.invoke(NativeMethodAccessorImpl.java:62)
	at sun.reflect.DelegatingMethodAccessorImpl.invoke(DelegatingMethodAccessorImpl.java:43)
	at java.lang.reflect.Method.invoke(Method.java:498)
	at org.testng.internal.invokers.MethodInvocationHelper.invokeMethod(MethodInvocationHelper.java:135)
	at org.testng.internal.invokers.TestInvoker.invokeMethod(TestInvoker.java:673)
	at org.testng.internal.invokers.TestInvoker.invokeTestMethod(TestInvoker.java:220)
	at org.testng.internal.invokers.MethodRunner.runInSequence(MethodRunner.java:50)
	at org.testng.internal.invokers.TestInvoker$MethodInvocationAgent.invoke(TestInvoker.java:945)
	at org.testng.internal.invokers.TestInvoker.invokeTestMethods(TestInvoker.java:193)
	at org.testng.internal.invokers.TestMethodWorker.invokeTestMethods(TestMethodWorker.java:146)
	at org.testng.internal.invokers.TestMethodWorker.run(TestMethodWorker.java:128)
	at java.util.ArrayList.forEach(ArrayList.java:1259)
	at org.testng.TestRunner.privateRun(TestRunner.java:808)
	at org.testng.TestRunner.run(TestRunner.java:603)
	at org.testng.SuiteRunner.runTest(SuiteRunner.java:429)
	at org.testng.SuiteRunner.runSequentially(SuiteRunner.java:423)
	at org.testng.SuiteRunner.privateRun(SuiteRunner.java:383)
	at org.testng.SuiteRunner.run(SuiteRunner.java:326)
	at org.testng.SuiteRunnerWorker.runSuite(SuiteRunnerWorker.java:52)
	at org.testng.SuiteRunnerWorker.run(SuiteRunnerWorker.java:95)
	at org.testng.TestNG.runSuitesSequentially(TestNG.java:1249)
	at org.testng.TestNG.runSuitesLocally(TestNG.java:1169)
	at org.testng.TestNG.runSuites(TestNG.java:1092)
	at org.testng.TestNG.run(TestNG.java:1060)
	at org.apache.maven.surefire.testng.TestNGExecutor.run(TestNGExecutor.java:155)
	at org.apache.maven.surefire.testng.TestNGDirectoryTestSuite.executeMulti(TestNGDirectoryTestSuite.java:169)
	at org.apache.maven.surefire.testng.TestNGDirectoryTestSuite.execute(TestNGDirectoryTestSuite.java:88)
	at org.apache.maven.surefire.testng.TestNGProvider.invoke(TestNGProvider.java:137)
	at org.apache.maven.surefire.booter.ForkedBooter.runSuitesInProcess(ForkedBooter.java:385)
	at org.apache.maven.surefire.booter.ForkedBooter.execute(ForkedBooter.java:162)
	at org.apache.maven.surefire.booter.ForkedBooter.run(ForkedBooter.java:507)
	at org.apache.maven.surefire.booter.ForkedBooter.main(ForkedBooter.java:495)
]]></failure>
    <system-out><![CDATA[{"message":["chesapeake","curly","flatcoated","golden"],"status":"success"}
]]></system-out>
  </testcase>
  <testcase name="getSubBreedsRandomImage" classname="test.DogAPITests" time="0.939">
    <system-out><![CDATA[{"message":"https:\/\/images.dog.ceo\/breeds\/retriever-golden\/n02099601_1162.jpg","status":"success"}
]]></system-out>
  </testcase>
  <testcase name="createAndVerifyUser" classname="test.UserTests" time="1.785">
    <system-out><![CDATA[=====Browser Session Started=====
=====Application Started=====
]]></system-out>
    <system-err><![CDATA[Starting ChromeDriver 119.0.6045.105 (38c72552c5e15ba9b3117c0967a0fd105072d7c6-refs/branch-heads/6045@{#1103}) on port 29275
Only local connections are allowed.
Please see https://chromedriver.chromium.org/security-considerations for suggestions on keeping ChromeDriver safe.
ChromeDriver was started successfully.
Nov 05, 2023 7:44:51 PM org.openqa.selenium.remote.ProtocolHandshake createSession
INFO: Detected dialect: W3C
]]></system-err>
  </testcase>
</testsuite>