<?xml version="1.0" encoding="UTF-8"?>
<testng-results skipped="0" failed="1" ignored="0" total="4" passed="3">
  <reporter-output>
    <line>
      <![CDATA[=====Browser Session Started=====]]>
    </line>
    <line>
      <![CDATA[=====Application Started=====]]>
    </line>
    <line>
      <![CDATA[=====Browser Session End=====]]>
    </line>
  </reporter-output>
  <suite name="Surefire suite" duration-ms="12133" started-at="2023-11-05T19:44:46 CAT" finished-at="2023-11-05T19:44:58 CAT">
    <groups>
    </groups>
    <test name="Surefire test" duration-ms="12133" started-at="2023-11-05T19:44:46 CAT" finished-at="2023-11-05T19:44:58 CAT">
      <class name="test.DogAPITests">
        <test-method status="PASS" signature="getListOfAllDogsBreeds()[pri:0, instance:test.DogAPITests@5f282abb]" name="getListOfAllDogsBreeds" duration-ms="1971" started-at="2023-11-05T19:44:46 CAT" description="Perform an API request to produce a list of all dog breeds." finished-at="2023-11-05T19:44:48 CAT">
          <reporter-output>
          </reporter-output>
        </test-method> <!-- getListOfAllDogsBreeds -->
        <test-method status="FAIL" signature="getSubBreeds()[pri:0, instance:test.DogAPITests@5f282abb]" name="getSubBreeds" duration-ms="575" started-at="2023-11-05T19:44:48 CAT" description="Perform an API request to produce a list of sub-breeds for “retriever”" finished-at="2023-11-05T19:44:49 CAT">
          <exception class="com.fasterxml.jackson.databind.exc.MismatchedInputException">
            <message>
              <![CDATA[Cannot deserialize instance of `com.api.Message` out of START_ARRAY token
 at [Source: (String)"{"message":["chesapeake","curly","flatcoated","golden"],"status":"success"}"; line: 1, column: 12] (through reference chain: com.api.SubListMessage["message"])]]>
            </message>
            <full-stacktrace>
              <![CDATA[com.fasterxml.jackson.databind.exc.MismatchedInputException: Cannot deserialize instance of `com.api.Message` out of START_ARRAY token
 at [Source: (String)"{"message":["chesapeake","curly","flatcoated","golden"],"status":"success"}"; line: 1, column: 12] (through reference chain: com.api.SubListMessage["message"])
at com.fasterxml.jackson.databind.exc.MismatchedInputException.from(MismatchedInputException.java:59)
at com.fasterxml.jackson.databind.DeserializationContext.reportInputMismatch(DeserializationContext.java:1445)
at com.fasterxml.jackson.databind.DeserializationContext.handleUnexpectedToken(DeserializationContext.java:1219)
at com.fasterxml.jackson.databind.DeserializationContext.handleUnexpectedToken(DeserializationContext.java:1171)
at com.fasterxml.jackson.databind.deser.BeanDeserializerBase.deserializeFromArray(BeanDeserializerBase.java:1460)
at com.fasterxml.jackson.databind.deser.BeanDeserializer._deserializeOther(BeanDeserializer.java:185)
at com.fasterxml.jackson.databind.deser.BeanDeserializer.deserialize(BeanDeserializer.java:161)
at com.fasterxml.jackson.databind.deser.impl.MethodProperty.deserializeAndSet(MethodProperty.java:129)
at com.fasterxml.jackson.databind.deser.BeanDeserializer.vanillaDeserialize(BeanDeserializer.java:288)
at com.fasterxml.jackson.databind.deser.BeanDeserializer.deserialize(BeanDeserializer.java:151)
at com.fasterxml.jackson.databind.ObjectMapper._readMapAndClose(ObjectMapper.java:4218)
at com.fasterxml.jackson.databind.ObjectMapper.readValue(ObjectMapper.java:3214)
at com.fasterxml.jackson.databind.ObjectMapper.readValue(ObjectMapper.java:3182)
at test.DogAPITests.getSubBreeds(DogAPITests.java:52)
at sun.reflect.NativeMethodAccessorImpl.invoke0(Native Method)
at sun.reflect.NativeMethodAccessorImpl.invoke(NativeMethodAccessorImpl.java:62)
at sun.reflect.DelegatingMethodAccessorImpl.invoke(DelegatingMethodAccessorImpl.java:43)
at java.lang.reflect.Method.invoke(Method.java:498)
at org.testng.internal.invokers.MethodInvocationHelper.invokeMethod(MethodInvocationHelper.java:135)
at org.testng.internal.invokers.TestInvoker.invokeMethod(TestInvoker.java:673)
at org.testng.internal.invokers.TestInvoker.invokeTestMethod(TestInvoker.java:220)
at org.testng.internal.invokers.MethodRunner.runInSequence(MethodRunner.java:50)
at org.testng.internal.invokers.TestInvoker$MethodInvocationAgent.invoke(TestInvoker.java:945)
at org.testng.internal.invokers.TestInvoker.invokeTestMethods(TestInvoker.java:193)
at org.testng.internal.invokers.TestMethodWorker.invokeTestMethods(TestMethodWorker.java:146)
at org.testng.internal.invokers.TestMethodWorker.run(TestMethodWorker.java:128)
at java.util.ArrayList.forEach(ArrayList.java:1259)
at org.testng.TestRunner.privateRun(TestRunner.java:808)
at org.testng.TestRunner.run(TestRunner.java:603)
at org.testng.SuiteRunner.runTest(SuiteRunner.java:429)
at org.testng.SuiteRunner.runSequentially(SuiteRunner.java:423)
at org.testng.SuiteRunner.privateRun(SuiteRunner.java:383)
at org.testng.SuiteRunner.run(SuiteRunner.java:326)
at org.testng.SuiteRunnerWorker.runSuite(SuiteRunnerWorker.java:52)
at org.testng.SuiteRunnerWorker.run(SuiteRunnerWorker.java:95)
at org.testng.TestNG.runSuitesSequentially(TestNG.java:1249)
at org.testng.TestNG.runSuitesLocally(TestNG.java:1169)
at org.testng.TestNG.runSuites(TestNG.java:1092)
at org.testng.TestNG.run(TestNG.java:1060)
at org.apache.maven.surefire.testng.TestNGExecutor.run(TestNGExecutor.java:155)
at org.apache.maven.surefire.testng.TestNGDirectoryTestSuite.executeMulti(TestNGDirectoryTestSuite.java:169)
at org.apache.maven.surefire.testng.TestNGDirectoryTestSuite.execute(TestNGDirectoryTestSuite.java:88)
at org.apache.maven.surefire.testng.TestNGProvider.invoke(TestNGProvider.java:137)
at org.apache.maven.surefire.booter.ForkedBooter.runSuitesInProcess(ForkedBooter.java:385)
at org.apache.maven.surefire.booter.ForkedBooter.execute(ForkedBooter.java:162)
at org.apache.maven.surefire.booter.ForkedBooter.run(ForkedBooter.java:507)
at org.apache.maven.surefire.booter.ForkedBooter.main(ForkedBooter.java:495)
]]>
            </full-stacktrace>
          </exception> <!-- com.fasterxml.jackson.databind.exc.MismatchedInputException -->
          <reporter-output>
          </reporter-output>
        </test-method> <!-- getSubBreeds -->
        <test-method status="PASS" signature="getSubBreedsRandomImage()[pri:0, instance:test.DogAPITests@5f282abb]" name="getSubBreedsRandomImage" duration-ms="939" started-at="2023-11-05T19:44:49 CAT" description="Perform an API request to produce a random image / link for the sub-breed “golden”" finished-at="2023-11-05T19:44:50 CAT">
          <reporter-output>
          </reporter-output>
        </test-method> <!-- getSubBreedsRandomImage -->
      </class> <!-- test.DogAPITests -->
      <class name="test.UserTests">
        <test-method status="PASS" signature="setupApplication()[pri:0, instance:test.UserTests@1d8d30f7]" name="setupApplication" is-config="true" duration-ms="6222" started-at="2023-11-05T19:44:50 CAT" finished-at="2023-11-05T19:44:56 CAT">
          <reporter-output>
            <line>
              <![CDATA[=====Browser Session Started=====]]>
            </line>
            <line>
              <![CDATA[=====Application Started=====]]>
            </line>
          </reporter-output>
        </test-method> <!-- setupApplication -->
        <test-method status="PASS" signature="createAndVerifyUser()[pri:0, instance:test.UserTests@1d8d30f7]" name="createAndVerifyUser" duration-ms="1785" started-at="2023-11-05T19:44:56 CAT" description="Create User and verify the Users" finished-at="2023-11-05T19:44:58 CAT">
          <reporter-output>
          </reporter-output>
        </test-method> <!-- createAndVerifyUser -->
        <test-method status="PASS" signature="closeApplication()[pri:0, instance:test.UserTests@1d8d30f7]" name="closeApplication" is-config="true" duration-ms="613" started-at="2023-11-05T19:44:58 CAT" finished-at="2023-11-05T19:44:58 CAT">
          <reporter-output>
            <line>
              <![CDATA[=====Browser Session End=====]]>
            </line>
          </reporter-output>
        </test-method> <!-- closeApplication -->
      </class> <!-- test.UserTests -->
    </test> <!-- Surefire test -->
  </suite> <!-- Surefire suite -->
</testng-results>
