<?xml version="1.0" encoding="UTF-8"?>
<!-- Generated by org.testng.reporters.JUnitXMLReporter -->
<testsuite hostname="DESKTOP-CJ2CLF8" ignored="0" name="Surefire test" tests="4" failures="1" timestamp="2023-11-05T19:44:58 CAT" time="12.133" errors="0">
  <testcase name="getListOfAllDogsBreeds" time="1.971" classname="test.DogAPITests"/>
  <testcase name="getSubBreeds" time="0.575" classname="test.DogAPITests">
    <failure type="com.fasterxml.jackson.databind.exc.MismatchedInputException" message="Cannot deserialize instance of `com.api.Message` out of START_ARRAY token
 at [Source: (String)&amp;quot;{&amp;quot;message&amp;quot;:[&amp;quot;chesapeake&amp;quot;,&amp;quot;curly&amp;quot;,&amp;quot;flatcoated&amp;quot;,&amp;quot;golden&amp;quot;],&amp;quot;status&amp;quot;:&amp;quot;success&amp;quot;}&amp;quot;; line: 1, column: 12] (through reference chain: com.api.SubListMessage[&amp;quot;message&amp;quot;])">
      <![CDATA[com.fasterxml.jackson.databind.exc.MismatchedInputException: Cannot deserialize instance of `com.api.Message` out of START_ARRAY token
 at [Source: (String)"{"message":["chesapeake","curly","flatcoated","golden"],"status":"success"}"; line: 1, column: 12] (through reference chain: com.api.SubListMessage["message"])
at com.fasterxml.jackson.databind.exc.MismatchedInputException.from(MismatchedInputException.java:59)
at com.fasterxml.jackson.databind.DeserializationContext.reportInputMismatch(DeserializationContext.java:1445)
at com.fasterxml.jackson.databind.DeserializationContext.handleUnexpectedToken(DeserializationContext.java:1219)
at com.fasterxml.jackson.databind.DeserializationContext.handleUnexpectedToken(DeserializationContext.java:1171)
at com.fasterxml.jackson.databind.deser.BeanDeserializerBase.deserializeFromArray(BeanDeserializerBase.java:1460)
at com.fasterxml.jackson.databind.deser.BeanDeserializer._deserializeOther(BeanDeserializer.java:185)
at com.fasterxml.jackson.databind.deser.BeanDeserializer.deserialize(BeanDeserializer.java:161)
at com.fasterxml.jackson.databind.deser.impl.MethodProperty.deserializeAndSet(MethodProperty.java:129)
at com.fasterxml.jackson.databind.deser.BeanDeserializer.vanillaDeserialize(BeanDeserializer.java:288)
at com.fasterxml.jackson.databind.deser.BeanDeserializer.deserialize(BeanDeserializer.java:151)
at com.fasterxml.jackson.databind.ObjectMapper._readMapAndClose(ObjectMapper.java:4218)
at com.fasterxml.jackson.databind.ObjectMapper.readValue(ObjectMapper.java:3214)
at com.fasterxml.jackson.databind.ObjectMapper.readValue(ObjectMapper.java:3182)
at test.DogAPITests.getSubBreeds(DogAPITests.java:52)
at java.util.ArrayList.forEach(ArrayList.java:1259)
... Removed 32 stack frames]]>
    </failure>
  </testcase> <!-- getSubBreeds -->
  <testcase name="getSubBreedsRandomImage" time="0.939" classname="test.DogAPITests"/>
  <testcase name="createAndVerifyUser" time="1.785" classname="test.UserTests"/>
</testsuite> <!-- Surefire test -->
